<?xml version="1.0" encoding="UTF-8"?>
<coverage generated="1788032306580" clover="3.2.0">
  <project timestamp="1788032306580" name="All files">
    <metrics statements="54" coveredstatements="54" conditionals="32" coveredconditionals="32" methods="11" coveredmethods="11" elements="97" coveredelements="97" complexity="0" loc="54" ncloc="54" packages="1" files="2" classes="2"/>
    <file name="ETAService.ts" path="C:\Users\sebas\OneDrive\Escritorio\Taller-de-Integracion-3\backend\src\domain\services\ETAService.ts">
      <metrics statements="24" coveredstatements="24" conditionals="16" coveredconditionals="16" methods="5" coveredmethods="5"/>
      <line num="25" count="1" type="stmt"/>
      <line num="37" count="1" type="stmt"/>
      <line num="38" count="1" type="stmt"/>
      <line num="48" count="88" type="stmt"/>
      <line num="50" count="22" type="stmt"/>
      <line num="51" count="22" type="stmt"/>
      <line num="54" count="22" type="stmt"/>
      <line num="60" count="22" type="stmt"/>
      <line num="61" count="22" type="stmt"/>
      <line num="71" count="28" type="cond" truecount="2" falsecount="0"/>
      <line num="72" count="24" type="cond" truecount="2" falsecount="0"/>
      <line num="74" count="19" type="stmt"/>
      <line num="76" count="19" type="cond" truecount="2" falsecount="0"/>
      <line num="77" count="14" type="stmt"/>
      <line num="80" count="5" type="stmt"/>
      <line num="81" count="5" type="stmt"/>
      <line num="83" count="5" type="cond" truecount="2" falsecount="0"/>
      <line num="84" count="2" type="stmt"/>
      <line num="86" count="3" type="stmt"/>
      <line num="102" count="17" type="stmt"/>
      <line num="107" count="17" type="cond" truecount="4" falsecount="0"/>
      <line num="114" count="17" type="cond" truecount="2" falsecount="0"/>
      <line num="116" count="17" type="stmt"/>
      <line num="133" count="4" type="stmt"/>
    </file>
    <file name="OccupancyPredictionService.ts" path="C:\Users\sebas\OneDrive\Escritorio\Taller-de-Integracion-3\backend\src\domain\services\OccupancyPredictionService.ts">
      <metrics statements="30" coveredstatements="30" conditionals="16" coveredconditionals="16" methods="6" coveredmethods="6"/>
      <line num="1" count="1" type="stmt"/>
      <line num="33" count="1" type="stmt"/>
      <line num="40" count="1" type="stmt"/>
      <line num="51" count="1" type="stmt"/>
      <line num="54" count="1" type="stmt"/>
      <line num="70" count="1" type="stmt"/>
      <line num="79" count="104" type="cond" truecount="2" falsecount="0"/>
      <line num="80" count="79" type="cond" truecount="2" falsecount="0"/>
      <line num="81" count="8" type="cond" truecount="2" falsecount="0"/>
      <line num="82" count="5" type="stmt"/>
      <line num="89" count="96" type="stmt"/>
      <line num="95" count="96" type="stmt"/>
      <line num="102" count="96" type="stmt"/>
      <line num="108" count="96" type="stmt"/>
      <line num="120" count="100" type="cond" truecount="2" falsecount="0"/>
      <line num="123" count="100" type="stmt"/>
      <line num="124" count="238" type="cond" truecount="2" falsecount="0"/>
      <line num="126" count="100" type="cond" truecount="2" falsecount="0"/>
      <line num="128" count="100" type="stmt"/>
      <line num="144" count="92" type="stmt"/>
      <line num="147" count="92" type="stmt"/>
      <line num="148" count="92" type="cond" truecount="2" falsecount="0"/>
      <line num="149" count="92" type="cond" truecount="2" falsecount="0"/>
      <line num="152" count="92" type="stmt"/>
      <line num="155" count="92" type="stmt"/>
      <line num="160" count="92" type="stmt"/>
      <line num="163" count="92" type="stmt"/>
      <line num="165" count="92" type="stmt"/>
      <line num="166" count="92" type="stmt"/>
      <line num="168" count="92" type="stmt"/>
    </file>
  </project>
</coverage>
