{"C:\\Users\\sebas\\OneDrive\\Escritorio\\Taller-de-Integracion-3\\backend\\src\\domain\\services\\ETAService.ts": {"path":"C:\\Users\\sebas\\OneDrive\\Escritorio\\Taller-de-Integracion-3\\backend\\src\\domain\\services\\ETAService.ts","statementMap":{"0":{"start":{"line":25,"column":13},"end":{"line":25,"column":40}},"1":{"start":{"line":48,"column":18},"end":{"line":48,"column":56}},"2":{"start":{"line":48,"column":35},"end":{"line":48,"column":56}},"3":{"start":{"line":50,"column":17},"end":{"line":50,"column":51}},"4":{"start":{"line":51,"column":17},"end":{"line":51,"column":53}},"5":{"start":{"line":54,"column":6},"end":{"line":58,"column":26}},"6":{"start":{"line":60,"column":14},"end":{"line":60,"column":60}},"7":{"start":{"line":61,"column":4},"end":{"line":61,"column":42}},"8":{"start":{"line":71,"column":4},"end":{"line":71,"column":48}},"9":{"start":{"line":71,"column":28},"end":{"line":71,"column":48}},"10":{"start":{"line":72,"column":4},"end":{"line":72,"column":45}},"11":{"start":{"line":72,"column":21},"end":{"line":72,"column":45}},"12":{"start":{"line":74,"column":27},"end":{"line":74,"column":46}},"13":{"start":{"line":76,"column":4},"end":{"line":78,"column":5}},"14":{"start":{"line":77,"column":6},"end":{"line":77,"column":37}},"15":{"start":{"line":80,"column":18},"end":{"line":80,"column":49}},"16":{"start":{"line":81,"column":29},"end":{"line":81,"column":48}},"17":{"start":{"line":83,"column":4},"end":{"line":85,"column":5}},"18":{"start":{"line":84,"column":6},"end":{"line":84,"column":26}},"19":{"start":{"line":86,"column":4},"end":{"line":86,"column":48}},"20":{"start":{"line":102,"column":23},"end":{"line":102,"column":61}},"21":{"start":{"line":107,"column":6},"end":{"line":111,"column":33}},"22":{"start":{"line":114,"column":6},"end":{"line":114,"column":74}},"23":{"start":{"line":116,"column":4},"end":{"line":121,"column":6}},"24":{"start":{"line":133,"column":4},"end":{"line":143,"column":6}},"25":{"start":{"line":37,"column":0},"end":{"line":37,"column":13}},"26":{"start":{"line":38,"column":26},"end":{"line":38,"column":49}}},"fnMap":{"0":{"name":"(anonymous_0)","decl":{"start":{"line":47,"column":2},"end":{"line":47,"column":8}},"loc":{"start":{"line":47,"column":61},"end":{"line":62,"column":3}}},"1":{"name":"(anonymous_1)","decl":{"start":{"line":48,"column":18},"end":{"line":48,"column":19}},"loc":{"start":{"line":48,"column":35},"end":{"line":48,"column":56}}},"2":{"name":"(anonymous_2)","decl":{"start":{"line":70,"column":2},"end":{"line":70,"column":8}},"loc":{"start":{"line":70,"column":34},"end":{"line":87,"column":3}}},"3":{"name":"(anonymous_3)","decl":{"start":{"line":97,"column":2},"end":{"line":97,"column":8}},"loc":{"start":{"line":100,"column":21},"end":{"line":122,"column":3}}},"4":{"name":"(anonymous_4)","decl":{"start":{"line":132,"column":2},"end":{"line":132,"column":8}},"loc":{"start":{"line":132,"column":58},"end":{"line":144,"column":3}}}},"branchMap":{"0":{"loc":{"start":{"line":71,"column":4},"end":{"line":71,"column":48}},"type":"if","locations":[{"start":{"line":71,"column":4},"end":{"line":71,"column":48}},{"start":{},"end":{}}]},"1":{"loc":{"start":{"line":72,"column":4},"end":{"line":72,"column":45}},"type":"if","locations":[{"start":{"line":72,"column":4},"end":{"line":72,"column":45}},{"start":{},"end":{}}]},"2":{"loc":{"start":{"line":76,"column":4},"end":{"line":78,"column":5}},"type":"if","locations":[{"start":{"line":76,"column":4},"end":{"line":78,"column":5}},{"start":{},"end":{}}]},"3":{"loc":{"start":{"line":83,"column":4},"end":{"line":85,"column":5}},"type":"if","locations":[{"start":{"line":83,"column":4},"end":{"line":85,"column":5}},{"start":{},"end":{}}]},"4":{"loc":{"start":{"line":107,"column":6},"end":{"line":111,"column":33}},"type":"cond-expr","locations":[{"start":{"line":108,"column":10},"end":{"line":108,"column":18}},{"start":{"line":109,"column":10},"end":{"line":111,"column":33}}]},"5":{"loc":{"start":{"line":107,"column":6},"end":{"line":107,"column":44}},"type":"binary-expr","locations":[{"start":{"line":107,"column":6},"end":{"line":107,"column":28}},{"start":{"line":107,"column":32},"end":{"line":107,"column":44}}]},"6":{"loc":{"start":{"line":109,"column":10},"end":{"line":111,"column":33}},"type":"cond-expr","locations":[{"start":{"line":110,"column":12},"end":{"line":110,"column":13}},{"start":{"line":111,"column":12},"end":{"line":111,"column":33}}]},"7":{"loc":{"start":{"line":114,"column":6},"end":{"line":114,"column":74}},"type":"cond-expr","locations":[{"start":{"line":114,"column":29},"end":{"line":114,"column":37}},{"start":{"line":114,"column":40},"end":{"line":114,"column":74}}]}},"s":{"0":1,"1":22,"2":88,"3":22,"4":22,"5":22,"6":22,"7":22,"8":28,"9":4,"10":24,"11":5,"12":19,"13":19,"14":14,"15":5,"16":5,"17":5,"18":2,"19":3,"20":17,"21":17,"22":17,"23":17,"24":4,"25":1,"26":1},"f":{"0":22,"1":88,"2":28,"3":17,"4":4},"b":{"0":[4,24],"1":[5,19],"2":[14,5],"3":[2,3],"4":[10,7],"5":[17,13],"6":[3,4],"7":[3,14]}}
,"C:\\Users\\sebas\\OneDrive\\Escritorio\\Taller-de-Integracion-3\\backend\\src\\domain\\services\\OccupancyPredictionService.ts": {"path":"C:\\Users\\sebas\\OneDrive\\Escritorio\\Taller-de-Integracion-3\\backend\\src\\domain\\services\\OccupancyPredictionService.ts","statementMap":{"0":{"start":{"line":1,"column":0},"end":{"line":1,"column":52}},"1":{"start":{"line":33,"column":86},"end":{"line":37,"column":2}},"2":{"start":{"line":40,"column":48},"end":{"line":48,"column":2}},"3":{"start":{"line":51,"column":21},"end":{"line":51,"column":25}},"4":{"start":{"line":54,"column":29},"end":{"line":54,"column":33}},"5":{"start":{"line":79,"column":4},"end":{"line":79,"column":47}},"6":{"start":{"line":79,"column":21},"end":{"line":79,"column":47}},"7":{"start":{"line":80,"column":4},"end":{"line":80,"column":50}},"8":{"start":{"line":80,"column":21},"end":{"line":80,"column":50}},"9":{"start":{"line":81,"column":4},"end":{"line":81,"column":48}},"10":{"start":{"line":81,"column":21},"end":{"line":81,"column":48}},"11":{"start":{"line":82,"column":4},"end":{"line":82,"column":31}},"12":{"start":{"line":89,"column":50},"end":{"line":94,"column":6}},"13":{"start":{"line":95,"column":4},"end":{"line":95,"column":24}},"14":{"start":{"line":102,"column":51},"end":{"line":107,"column":6}},"15":{"start":{"line":108,"column":4},"end":{"line":108,"column":25}},"16":{"start":{"line":120,"column":26},"end":{"line":120,"column":59}},"17":{"start":{"line":123,"column":21},"end":{"line":124,"column":null}},"18":{"start":{"line":124,"column":16},"end":{"line":124,"column":53}},"19":{"start":{"line":126,"column":27},"end":{"line":126,"column":63}},"20":{"start":{"line":128,"column":4},"end":{"line":128,"column":42}},"21":{"start":{"line":144,"column":44},"end":{"line":144,"column":49}},"22":{"start":{"line":147,"column":16},"end":{"line":147,"column":26}},"23":{"start":{"line":148,"column":22},"end":{"line":148,"column":55}},"24":{"start":{"line":149,"column":22},"end":{"line":149,"column":53}},"25":{"start":{"line":152,"column":25},"end":{"line":152,"column":53}},"26":{"start":{"line":155,"column":27},"end":{"line":156,"column":null}},"27":{"start":{"line":160,"column":18},"end":{"line":160,"column":60}},"28":{"start":{"line":163,"column":27},"end":{"line":163,"column":90}},"29":{"start":{"line":165,"column":32},"end":{"line":165,"column":69}},"30":{"start":{"line":166,"column":32},"end":{"line":166,"column":92}},"31":{"start":{"line":168,"column":4},"end":{"line":177,"column":6}},"32":{"start":{"line":70,"column":0},"end":{"line":70,"column":13}}},"fnMap":{"0":{"name":"(anonymous_0)","decl":{"start":{"line":78,"column":2},"end":{"line":78,"column":8}},"loc":{"start":{"line":78,"column":40},"end":{"line":83,"column":3}}},"1":{"name":"(anonymous_1)","decl":{"start":{"line":88,"column":2},"end":{"line":88,"column":8}},"loc":{"start":{"line":88,"column":47},"end":{"line":96,"column":3}}},"2":{"name":"(anonymous_2)","decl":{"start":{"line":101,"column":2},"end":{"line":101,"column":8}},"loc":{"start":{"line":101,"column":48},"end":{"line":109,"column":3}}},"3":{"name":"(anonymous_3)","decl":{"start":{"line":118,"column":2},"end":{"line":118,"column":8}},"loc":{"start":{"line":118,"column":62},"end":{"line":129,"column":3}}},"4":{"name":"(anonymous_4)","decl":{"start":{"line":124,"column":6},"end":{"line":124,"column":7}},"loc":{"start":{"line":124,"column":16},"end":{"line":124,"column":53}}},"5":{"name":"(anonymous_5)","decl":{"start":{"line":143,"column":2},"end":{"line":143,"column":8}},"loc":{"start":{"line":143,"column":39},"end":{"line":178,"column":3}}}},"branchMap":{"0":{"loc":{"start":{"line":79,"column":4},"end":{"line":79,"column":47}},"type":"if","locations":[{"start":{"line":79,"column":4},"end":{"line":79,"column":47}},{"start":{},"end":{}}]},"1":{"loc":{"start":{"line":80,"column":4},"end":{"line":80,"column":50}},"type":"if","locations":[{"start":{"line":80,"column":4},"end":{"line":80,"column":50}},{"start":{},"end":{}}]},"2":{"loc":{"start":{"line":81,"column":4},"end":{"line":81,"column":48}},"type":"if","locations":[{"start":{"line":81,"column":4},"end":{"line":81,"column":48}},{"start":{},"end":{}}]},"3":{"loc":{"start":{"line":120,"column":26},"end":{"line":120,"column":59}},"type":"binary-expr","locations":[{"start":{"line":120,"column":26},"end":{"line":120,"column":52}},{"start":{"line":120,"column":56},"end":{"line":120,"column":59}}]},"4":{"loc":{"start":{"line":124,"column":16},"end":{"line":124,"column":53}},"type":"binary-expr","locations":[{"start":{"line":124,"column":16},"end":{"line":124,"column":34}},{"start":{"line":124,"column":38},"end":{"line":124,"column":53}}]},"5":{"loc":{"start":{"line":126,"column":27},"end":{"line":126,"column":63}},"type":"cond-expr","locations":[{"start":{"line":126,"column":38},"end":{"line":126,"column":57}},{"start":{"line":126,"column":60},"end":{"line":126,"column":63}}]},"6":{"loc":{"start":{"line":148,"column":22},"end":{"line":148,"column":55}},"type":"binary-expr","locations":[{"start":{"line":148,"column":22},"end":{"line":148,"column":32}},{"start":{"line":148,"column":41},"end":{"line":148,"column":55}}]},"7":{"loc":{"start":{"line":149,"column":22},"end":{"line":149,"column":53}},"type":"binary-expr","locations":[{"start":{"line":149,"column":22},"end":{"line":149,"column":37}},{"start":{"line":149,"column":41},"end":{"line":149,"column":53}}]}},"s":{"0":1,"1":1,"2":1,"3":1,"4":1,"5":104,"6":25,"7":79,"8":71,"9":8,"10":3,"11":5,"12":96,"13":96,"14":96,"15":96,"16":100,"17":100,"18":238,"19":100,"20":100,"21":92,"22":92,"23":92,"24":92,"25":92,"26":92,"27":92,"28":92,"29":92,"30":92,"31":92,"32":1},"f":{"0":104,"1":96,"2":96,"3":100,"4":238,"5":92},"b":{"0":[25,79],"1":[71,8],"2":[3,5],"3":[100,1],"4":[238,107],"5":[34,66],"6":[92,1],"7":[92,1]}}
}
