{"C:\\Users\\sebas\\OneDrive\\Escritorio\\Taller-de-Integracion-3\\backend\\src\\domain\\services\\ETAService.ts": {"path":"C:\\Users\\sebas\\OneDrive\\Escritorio\\Taller-de-Integracion-3\\backend\\src\\domain\\services\\ETAService.ts","statementMap":{"0":{"start":{"line":25,"column":13},"end":{"line":25,"column":40}},"1":{"start":{"line":48,"column":18},"end":{"line":48,"column":56}},"2":{"start":{"line":48,"column":35},"end":{"line":48,"column":56}},"3":{"start":{"line":50,"column":17},"end":{"line":50,"column":51}},"4":{"start":{"line":51,"column":17},"end":{"line":51,"column":53}},"5":{"start":{"line":54,"column":6},"end":{"line":58,"column":26}},"6":{"start":{"line":60,"column":14},"end":{"line":60,"column":60}},"7":{"start":{"line":61,"column":4},"end":{"line":61,"column":42}},"8":{"start":{"line":71,"column":4},"end":{"line":71,"column":48}},"9":{"start":{"line":71,"column":28},"end":{"line":71,"column":48}},"10":{"start":{"line":72,"column":4},"end":{"line":72,"column":45}},"11":{"start":{"line":72,"column":21},"end":{"line":72,"column":45}},"12":{"start":{"line":74,"column":27},"end":{"line":74,"column":46}},"13":{"start":{"line":76,"column":4},"end":{"line":78,"column":5}},"14":{"start":{"line":77,"column":6},"end":{"line":77,"column":37}},"15":{"start":{"line":80,"column":18},"end":{"line":80,"column":49}},"16":{"start":{"line":81,"column":29},"end":{"line":81,"column":48}},"17":{"start":{"line":83,"column":4},"end":{"line":85,"column":5}},"18":{"start":{"line":84,"column":6},"end":{"line":84,"column":26}},"19":{"start":{"line":86,"column":4},"end":{"line":86,"column":48}},"20":{"start":{"line":102,"column":23},"end":{"line":102,"column":61}},"21":{"start":{"line":107,"column":6},"end":{"line":111,"column":33}},"22":{"start":{"line":114,"column":6},"end":{"line":114,"column":74}},"23":{"start":{"line":116,"column":4},"end":{"line":121,"column":6}},"24":{"start":{"line":133,"column":4},"end":{"line":143,"column":6}},"25":{"start":{"line":37,"column":0},"end":{"line":37,"column":13}},"26":{"start":{"line":38,"column":26},"end":{"line":38,"column":49}}},"fnMap":{"0":{"name":"(anonymous_0)","decl":{"start":{"line":47,"column":2},"end":{"line":47,"column":8}},"loc":{"start":{"line":47,"column":61},"end":{"line":62,"column":3}}},"1":{"name":"(anonymous_1)","decl":{"start":{"line":48,"column":18},"end":{"line":48,"column":19}},"loc":{"start":{"line":48,"column":35},"end":{"line":48,"column":56}}},"2":{"name":"(anonymous_2)","decl":{"start":{"line":70,"column":2},"end":{"line":70,"column":8}},"loc":{"start":{"line":70,"column":34},"end":{"line":87,"column":3}}},"3":{"name":"(anonymous_3)","decl":{"start":{"line":97,"column":2},"end":{"line":97,"column":8}},"loc":{"start":{"line":100,"column":21},"end":{"line":122,"column":3}}},"4":{"name":"(anonymous_4)","decl":{"start":{"line":132,"column":2},"end":{"line":132,"column":8}},"loc":{"start":{"line":132,"column":58},"end":{"line":144,"column":3}}}},"branchMap":{"0":{"loc":{"start":{"line":71,"column":4},"end":{"line":71,"column":48}},"type":"if","locations":[{"start":{"line":71,"column":4},"end":{"line":71,"column":48}},{"start":{},"end":{}}]},"1":{"loc":{"start":{"line":72,"column":4},"end":{"line":72,"column":45}},"type":"if","locations":[{"start":{"line":72,"column":4},"end":{"line":72,"column":45}},{"start":{},"end":{}}]},"2":{"loc":{"start":{"line":76,"column":4},"end":{"line":78,"column":5}},"type":"if","locations":[{"start":{"line":76,"column":4},"end":{"line":78,"column":5}},{"start":{},"end":{}}]},"3":{"loc":{"start":{"line":83,"column":4},"end":{"line":85,"column":5}},"type":"if","locations":[{"start":{"line":83,"column":4},"end":{"line":85,"column":5}},{"start":{},"end":{}}]},"4":{"loc":{"start":{"line":107,"column":6},"end":{"line":111,"column":33}},"type":"cond-expr","locations":[{"start":{"line":108,"column":10},"end":{"line":108,"column":18}},{"start":{"line":109,"column":10},"end":{"line":111,"column":33}}]},"5":{"loc":{"start":{"line":107,"column":6},"end":{"line":107,"column":44}},"type":"binary-expr","locations":[{"start":{"line":107,"column":6},"end":{"line":107,"column":28}},{"start":{"line":107,"column":32},"end":{"line":107,"column":44}}]},"6":{"loc":{"start":{"line":109,"column":10},"end":{"line":111,"column":33}},"type":"cond-expr","locations":[{"start":{"line":110,"column":12},"end":{"line":110,"column":13}},{"start":{"line":111,"column":12},"end":{"line":111,"column":33}}]},"7":{"loc":{"start":{"line":114,"column":6},"end":{"line":114,"column":74}},"type":"cond-expr","locations":[{"start":{"line":114,"column":29},"end":{"line":114,"column":37}},{"start":{"line":114,"column":40},"end":{"line":114,"column":74}}]}},"s":{"0":1,"1":22,"2":88,"3":22,"4":22,"5":22,"6":22,"7":22,"8":28,"9":4,"10":24,"11":5,"12":19,"13":19,"14":14,"15":5,"16":5,"17":5,"18":2,"19":3,"20":17,"21":17,"22":17,"23":17,"24":4,"25":1,"26":1},"f":{"0":22,"1":88,"2":28,"3":17,"4":4},"b":{"0":[4,24],"1":[5,19],"2":[14,5],"3":[2,3],"4":[10,7],"5":[17,13],"6":[3,4],"7":[3,14]}}
}
