TN:
SF:src\domain\services\ETAService.ts
FN:47,(anonymous_0)
FN:48,(anonymous_1)
FN:70,(anonymous_2)
FN:97,(anonymous_3)
FN:132,(anonymous_4)
FNF:5
FNH:5
FNDA:22,(anonymous_0)
FNDA:88,(anonymous_1)
FNDA:28,(anonymous_2)
FNDA:17,(anonymous_3)
FNDA:4,(anonymous_4)
DA:25,1
DA:37,1
DA:38,1
DA:48,88
DA:50,22
DA:51,22
DA:54,22
DA:60,22
DA:61,22
DA:71,28
DA:72,24
DA:74,19
DA:76,19
DA:77,14
DA:80,5
DA:81,5
DA:83,5
DA:84,2
DA:86,3
DA:102,17
DA:107,17
DA:114,17
DA:116,17
DA:133,4
LF:24
LH:24
BRDA:71,0,0,4
BRDA:71,0,1,24
BRDA:72,1,0,5
BRDA:72,1,1,19
BRDA:76,2,0,14
BRDA:76,2,1,5
BRDA:83,3,0,2
BRDA:83,3,1,3
BRDA:107,4,0,10
BRDA:107,4,1,7
BRDA:107,5,0,17
BRDA:107,5,1,13
BRDA:109,6,0,3
BRDA:109,6,1,4
BRDA:114,7,0,3
BRDA:114,7,1,14
BRF:16
BRH:16
end_of_record
TN:
SF:src\domain\services\OccupancyPredictionService.ts
FN:78,(anonymous_0)
FN:88,(anonymous_1)
FN:101,(anonymous_2)
FN:118,(anonymous_3)
FN:124,(anonymous_4)
FN:143,(anonymous_5)
FNF:6
FNH:6
FNDA:104,(anonymous_0)
FNDA:96,(anonymous_1)
FNDA:96,(anonymous_2)
FNDA:100,(anonymous_3)
FNDA:238,(anonymous_4)
FNDA:92,(anonymous_5)
DA:1,1
DA:33,1
DA:40,1
DA:51,1
DA:54,1
DA:70,1
DA:79,104
DA:80,79
DA:81,8
DA:82,5
DA:89,96
DA:95,96
DA:102,96
DA:108,96
DA:120,100
DA:123,100
DA:124,238
DA:126,100
DA:128,100
DA:144,92
DA:147,92
DA:148,92
DA:149,92
DA:152,92
DA:155,92
DA:160,92
DA:163,92
DA:165,92
DA:166,92
DA:168,92
LF:30
LH:30
BRDA:79,0,0,25
BRDA:79,0,1,79
BRDA:80,1,0,71
BRDA:80,1,1,8
BRDA:81,2,0,3
BRDA:81,2,1,5
BRDA:120,3,0,100
BRDA:120,3,1,1
BRDA:124,4,0,238
BRDA:124,4,1,107
BRDA:126,5,0,34
BRDA:126,5,1,66
BRDA:148,6,0,92
BRDA:148,6,1,1
BRDA:149,7,0,92
BRDA:149,7,1,1
BRF:16
BRH:16
end_of_record
