TN:
SF:src\domain\services\ETAService.ts
FN:47,(anonymous_0)
FN:48,(anonymous_1)
FN:70,(anonymous_2)
FN:97,(anonymous_3)
FN:132,(anonymous_4)
FNF:5
FNH:5
FNDA:22,(anonymous_0)
FNDA:88,(anonymous_1)
FNDA:28,(anonymous_2)
FNDA:17,(anonymous_3)
FNDA:4,(anonymous_4)
DA:25,1
DA:37,1
DA:38,1
DA:48,88
DA:50,22
DA:51,22
DA:54,22
DA:60,22
DA:61,22
DA:71,28
DA:72,24
DA:74,19
DA:76,19
DA:77,14
DA:80,5
DA:81,5
DA:83,5
DA:84,2
DA:86,3
DA:102,17
DA:107,17
DA:114,17
DA:116,17
DA:133,4
LF:24
LH:24
BRDA:71,0,0,4
BRDA:71,0,1,24
BRDA:72,1,0,5
BRDA:72,1,1,19
BRDA:76,2,0,14
BRDA:76,2,1,5
BRDA:83,3,0,2
BRDA:83,3,1,3
BRDA:107,4,0,10
BRDA:107,4,1,7
BRDA:107,5,0,17
BRDA:107,5,1,13
BRDA:109,6,0,3
BRDA:109,6,1,4
BRDA:114,7,0,3
BRDA:114,7,1,14
BRF:16
BRH:16
end_of_record
